<?xml version="1.0" encoding="UTF-8" ?>
<testsuite tests="1" failures="0" name="com.hugo.AppTest" time="0.062" errors="0" skipped="0">
  <properties>
    <property name="idea.version" value="2018.1.3"/>
    <property name="java.runtime.name" value="Java(TM) SE Runtime Environment"/>
    <property name="sun.boot.library.path" value="D:\Program Files\jdk\jre\bin"/>
    <property name="java.vm.version" value="25.172-b11"/>
    <property name="java.vm.vendor" value="Oracle Corporation"/>
    <property name="java.vendor.url" value="http://java.oracle.com/"/>
    <property name="path.separator" value=";"/>
    <property name="java.vm.name" value="Java HotSpot(TM) Client VM"/>
    <property name="file.encoding.pkg" value="sun.io"/>
    <property name="user.script" value=""/>
    <property name="user.country" value="CN"/>
    <property name="sun.java.launcher" value="SUN_STANDARD"/>
    <property name="sun.os.patch.level" value="Service Pack 1"/>
    <property name="java.vm.specification.name" value="Java Virtual Machine Specification"/>
    <property name="user.dir" value="E:\project\gupao\rpc\rpc-server\rpc-server-provider"/>
    <property name="java.runtime.version" value="1.8.0_172-b11"/>
    <property name="java.awt.graphicsenv" value="sun.awt.Win32GraphicsEnvironment"/>
    <property name="basedir" value="E:\project\gupao\rpc\rpc-server\rpc-server-provider"/>
    <property name="java.endorsed.dirs" value="D:\Program Files\jdk\jre\lib\endorsed"/>
    <property name="os.arch" value="x86"/>
    <property name="surefire.real.class.path" value="E:\project\gupao\rpc\rpc-server\rpc-server-provider\target\surefire\surefirebooter5014374394739022337.jar"/>
    <property name="java.io.tmpdir" value="C:\Users\ADMINI~1\AppData\Local\Temp\"/>
    <property name="line.separator" value="
"/>
    <property name="java.vm.specification.vendor" value="Oracle Corporation"/>
    <property name="user.variant" value=""/>
    <property name="os.name" value="Windows 7"/>
    <property name="sun.jnu.encoding" value="GBK"/>
    <property name="java.library.path" value="D:\Program Files\jdk\jre\bin;C:\Windows\Sun\Java\bin;C:\Windows\system32;C:\Windows;C:\Windows\system32;C:\Windows;C:\Windows\System32\Wbem;C:\Windows\System32\WindowsPowerShell\v1.0\;D:\Program Files\jdk\bin;D:\Program Files\jdk\jre\bin;D:\Program Files\Git\cmd;D:\Program Files\Git\bin;D:\software\apache-tomcat-9.0.8\lib;D:\software\apache-tomcat-9.0.8\bin;D:\Program Files\Git\bin;;."/>
    <property name="surefire.test.class.path" value="E:\project\gupao\rpc\rpc-server\rpc-server-provider\target\test-classes;E:\project\gupao\rpc\rpc-server\rpc-server-provider\target\classes;D:\Program Files\mavenDB\junit\junit\4.11\junit-4.11.jar;D:\Program Files\mavenDB\org\hamcrest\hamcrest-core\1.3\hamcrest-core-1.3.jar;D:\Program Files\mavenDB\com\hugo\rpc-server-api\1.0-SNAPSHOT\rpc-server-api-1.0-SNAPSHOT.jar;D:\Program Files\mavenDB\org\springframework\spring-context\4.3.13.RELEASE\spring-context-4.3.13.RELEASE.jar;D:\Program Files\mavenDB\org\springframework\spring-aop\4.3.13.RELEASE\spring-aop-4.3.13.RELEASE.jar;D:\Program Files\mavenDB\org\springframework\spring-beans\4.3.13.RELEASE\spring-beans-4.3.13.RELEASE.jar;D:\Program Files\mavenDB\org\springframework\spring-core\4.3.13.RELEASE\spring-core-4.3.13.RELEASE.jar;D:\Program Files\mavenDB\commons-logging\commons-logging\1.2\commons-logging-1.2.jar;D:\Program Files\mavenDB\org\springframework\spring-expression\4.3.13.RELEASE\spring-expression-4.3.13.RELEASE.jar;"/>
    <property name="java.specification.name" value="Java Platform API Specification"/>
    <property name="java.class.version" value="52.0"/>
    <property name="sun.management.compiler" value="HotSpot Client Compiler"/>
    <property name="maven.repo.local" value="D:\Program Files\mavenDB"/>
    <property name="os.version" value="6.1"/>
    <property name="user.home" value="C:\Users\Administrator"/>
    <property name="user.timezone" value=""/>
    <property name="java.awt.printerjob" value="sun.awt.windows.WPrinterJob"/>
    <property name="java.specification.version" value="1.8"/>
    <property name="file.encoding" value="GBK"/>
    <property name="user.name" value="Administrator"/>
    <property name="java.class.path" value="E:\project\gupao\rpc\rpc-server\rpc-server-provider\target\test-classes;E:\project\gupao\rpc\rpc-server\rpc-server-provider\target\classes;D:\Program Files\mavenDB\junit\junit\4.11\junit-4.11.jar;D:\Program Files\mavenDB\org\hamcrest\hamcrest-core\1.3\hamcrest-core-1.3.jar;D:\Program Files\mavenDB\com\hugo\rpc-server-api\1.0-SNAPSHOT\rpc-server-api-1.0-SNAPSHOT.jar;D:\Program Files\mavenDB\org\springframework\spring-context\4.3.13.RELEASE\spring-context-4.3.13.RELEASE.jar;D:\Program Files\mavenDB\org\springframework\spring-aop\4.3.13.RELEASE\spring-aop-4.3.13.RELEASE.jar;D:\Program Files\mavenDB\org\springframework\spring-beans\4.3.13.RELEASE\spring-beans-4.3.13.RELEASE.jar;D:\Program Files\mavenDB\org\springframework\spring-core\4.3.13.RELEASE\spring-core-4.3.13.RELEASE.jar;D:\Program Files\mavenDB\commons-logging\commons-logging\1.2\commons-logging-1.2.jar;D:\Program Files\mavenDB\org\springframework\spring-expression\4.3.13.RELEASE\spring-expression-4.3.13.RELEASE.jar;"/>
    <property name="java.vm.specification.version" value="1.8"/>
    <property name="sun.arch.data.model" value="32"/>
    <property name="java.home" value="D:\Program Files\jdk\jre"/>
    <property name="sun.java.command" value="E:\project\gupao\rpc\rpc-server\rpc-server-provider\target\surefire\surefirebooter5014374394739022337.jar E:\project\gupao\rpc\rpc-server\rpc-server-provider\target\surefire\surefire4463931158482663429tmp E:\project\gupao\rpc\rpc-server\rpc-server-provider\target\surefire\surefire2094870334598164978tmp"/>
    <property name="java.specification.vendor" value="Oracle Corporation"/>
    <property name="user.language" value="zh"/>
    <property name="awt.toolkit" value="sun.awt.windows.WToolkit"/>
    <property name="java.vm.info" value="mixed mode"/>
    <property name="java.version" value="1.8.0_172"/>
    <property name="java.ext.dirs" value="D:\Program Files\jdk\jre\lib\ext;C:\Windows\Sun\Java\lib\ext"/>
    <property name="sun.boot.class.path" value="D:\Program Files\jdk\jre\lib\resources.jar;D:\Program Files\jdk\jre\lib\rt.jar;D:\Program Files\jdk\jre\lib\sunrsasign.jar;D:\Program Files\jdk\jre\lib\jsse.jar;D:\Program Files\jdk\jre\lib\jce.jar;D:\Program Files\jdk\jre\lib\charsets.jar;D:\Program Files\jdk\jre\lib\jfr.jar;D:\Program Files\jdk\jre\classes"/>
    <property name="java.vendor" value="Oracle Corporation"/>
    <property name="localRepository" value="D:\Program Files\mavenDB"/>
    <property name="file.separator" value="\"/>
    <property name="java.vendor.url.bug" value="http://bugreport.sun.com/bugreport/"/>
    <property name="sun.cpu.endian" value="little"/>
    <property name="sun.io.unicode.encoding" value="UnicodeLittle"/>
    <property name="sun.desktop" value="windows"/>
    <property name="sun.cpu.isalist" value="pentium_pro+mmx pentium_pro pentium+mmx pentium i486 i386 i86"/>
  </properties>
  <testcase classname="com.hugo.AppTest" name="shouldAnswerWithTrue" time="0"/>
</testsuite>